<?xml version="1.0" encoding="UTF-8"?>
<!-- Generated by org.testng.reporters.JUnitReportReporter -->
<testsuite hostname="abubnov-nb" name="Step1.tests" tests="1" failures="0" timestamp="7 Oct 2015 19:53:03 GMT" time="40.080" errors="0">
  <testcase name="login_logout" time="40.080" classname="Step1.tests"/>
</testsuite> <!-- Step1.tests -->
